<?xml version="1.0" encoding="UTF-8"?>
<!-- Generated by org.testng.reporters.JUnitReportReporter -->
<testsuite hostname="DESKTOP-GRN3GAS" failures="0" tests="4" name="Grp1.MavenDem.Homepage" time="5.537" errors="0" timestamp="2021-08-16T14:13:41 IST" skipped="0">
  <testcase classname="Grp1.MavenDem.Homepage" name="loadingIPhone" time="1.229"/>
  <system-out/>
  <testcase classname="Grp1.MavenDem.Homepage" name="loadingWindows" time="1.225"/>
  <system-out/>
  <testcase classname="Grp1.MavenDem.Homepage" name="loadingAndroid" time="1.857"/>
  <system-out/>
  <testcase classname="Grp1.MavenDem.Homepage" name="loadingMac" time="1.226"/>
  <system-out/>
</testsuite> <!-- Grp1.MavenDem.Homepage -->
