<?xml version="1.0" encoding="UTF-8"?>
<!-- Generated by org.testng.reporters.JUnitReportReporter -->
<testsuite hostname="DESKTOP-GRN3GAS" failures="0" tests="2" name="Grp1.MavenDem.DemoTest" time="9.467" errors="0" timestamp="2021-08-15T11:09:04 IST" skipped="0">
  <testcase classname="Grp1.MavenDem.DemoTest" name="f2" time="0.002"/>
  <system-out/>
  <testcase classname="Grp1.MavenDem.DemoTest" name="f1" time="9.465"/>
  <system-out/>
</testsuite> <!-- Grp1.MavenDem.DemoTest -->
