<?xml version="1.0" encoding="UTF-8"?>
<!-- Generated by org.testng.reporters.JUnitReportReporter -->
<testsuite skipped="0" hostname="DESKTOP-GRN3GAS" name="Grp1.MavenDem.DemoTest" tests="2" failures="0" timestamp="2021-08-09T15:14:44 IST" time="10.474" errors="0">
  <testcase name="f1" time="10.474" classname="Grp1.MavenDem.DemoTest"/>
  <system-out/>
  <testcase name="f2" time="0.000" classname="Grp1.MavenDem.DemoTest"/>
  <system-out/>
</testsuite> <!-- Grp1.MavenDem.DemoTest -->
